{"total": {"lines":{"total":481,"covered":463,"skipped":0,"pct":96.25},"statements":{"total":523,"covered":499,"skipped":0,"pct":95.41},"functions":{"total":142,"covered":131,"skipped":0,"pct":92.25},"branches":{"total":360,"covered":308,"skipped":0,"pct":85.55},"branchesTrue":{"total":0,"covered":0,"skipped":0,"pct":100}}
,"/Users/connor/.codex/.chatgpt-projects/g-p-6a5ef3d1ffd881919c69b9ef0f7214ba/crypto-coin-tracker/functions/_lib/cache.ts": {"lines":{"total":40,"covered":39,"skipped":0,"pct":97.5},"functions":{"total":9,"covered":8,"skipped":0,"pct":88.88},"statements":{"total":43,"covered":41,"skipped":0,"pct":95.34},"branches":{"total":22,"covered":21,"skipped":0,"pct":95.45}}
,"/Users/connor/.codex/.chatgpt-projects/g-p-6a5ef3d1ffd881919c69b9ef0f7214ba/crypto-coin-tracker/functions/_lib/errors.ts": {"lines":{"total":8,"covered":8,"skipped":0,"pct":100},"functions":{"total":2,"covered":2,"skipped":0,"pct":100},"statements":{"total":9,"covered":9,"skipped":0,"pct":100},"branches":{"total":3,"covered":3,"skipped":0,"pct":100}}
,"/Users/connor/.codex/.chatgpt-projects/g-p-6a5ef3d1ffd881919c69b9ef0f7214ba/crypto-coin-tracker/functions/_lib/handler.ts": {"lines":{"total":15,"covered":15,"skipped":0,"pct":100},"functions":{"total":3,"covered":3,"skipped":0,"pct":100},"statements":{"total":15,"covered":15,"skipped":0,"pct":100},"branches":{"total":1,"covered":1,"skipped":0,"pct":100}}
,"/Users/connor/.codex/.chatgpt-projects/g-p-6a5ef3d1ffd881919c69b9ef0f7214ba/crypto-coin-tracker/functions/_lib/retry.ts": {"lines":{"total":47,"covered":44,"skipped":0,"pct":93.61},"functions":{"total":6,"covered":3,"skipped":0,"pct":50},"statements":{"total":52,"covered":47,"skipped":0,"pct":90.38},"branches":{"total":56,"covered":41,"skipped":0,"pct":73.21}}
,"/Users/connor/.codex/.chatgpt-projects/g-p-6a5ef3d1ffd881919c69b9ef0f7214ba/crypto-coin-tracker/functions/_lib/types.ts": {"lines":{"total":0,"covered":0,"skipped":0,"pct":100},"functions":{"total":0,"covered":0,"skipped":0,"pct":100},"statements":{"total":0,"covered":0,"skipped":0,"pct":100},"branches":{"total":0,"covered":0,"skipped":0,"pct":100}}
,"/Users/connor/.codex/.chatgpt-projects/g-p-6a5ef3d1ffd881919c69b9ef0f7214ba/crypto-coin-tracker/functions/_lib/upstream.ts": {"lines":{"total":53,"covered":48,"skipped":0,"pct":90.56},"functions":{"total":14,"covered":13,"skipped":0,"pct":92.85},"statements":{"total":58,"covered":51,"skipped":0,"pct":87.93},"branches":{"total":24,"covered":18,"skipped":0,"pct":75}}
,"/Users/connor/.codex/.chatgpt-projects/g-p-6a5ef3d1ffd881919c69b9ef0f7214ba/crypto-coin-tracker/shared/contracts.ts": {"lines":{"total":16,"covered":16,"skipped":0,"pct":100},"functions":{"total":1,"covered":1,"skipped":0,"pct":100},"statements":{"total":16,"covered":16,"skipped":0,"pct":100},"branches":{"total":0,"covered":0,"skipped":0,"pct":100}}
,"/Users/connor/.codex/.chatgpt-projects/g-p-6a5ef3d1ffd881919c69b9ef0f7214ba/crypto-coin-tracker/src/App.tsx": {"lines":{"total":11,"covered":11,"skipped":0,"pct":100},"functions":{"total":8,"covered":8,"skipped":0,"pct":100},"statements":{"total":11,"covered":11,"skipped":0,"pct":100},"branches":{"total":0,"covered":0,"skipped":0,"pct":100}}
,"/Users/connor/.codex/.chatgpt-projects/g-p-6a5ef3d1ffd881919c69b9ef0f7214ba/crypto-coin-tracker/src/components/AppLayout.tsx": {"lines":{"total":8,"covered":8,"skipped":0,"pct":100},"functions":{"total":6,"covered":6,"skipped":0,"pct":100},"statements":{"total":9,"covered":9,"skipped":0,"pct":100},"branches":{"total":6,"covered":6,"skipped":0,"pct":100}}
,"/Users/connor/.codex/.chatgpt-projects/g-p-6a5ef3d1ffd881919c69b9ef0f7214ba/crypto-coin-tracker/src/components/MarketTable.tsx": {"lines":{"total":30,"covered":30,"skipped":0,"pct":100},"functions":{"total":9,"covered":9,"skipped":0,"pct":100},"statements":{"total":31,"covered":31,"skipped":0,"pct":100},"branches":{"total":32,"covered":30,"skipped":0,"pct":93.75}}
,"/Users/connor/.codex/.chatgpt-projects/g-p-6a5ef3d1ffd881919c69b9ef0f7214ba/crypto-coin-tracker/src/components/PriceChart.tsx": {"lines":{"total":14,"covered":14,"skipped":0,"pct":100},"functions":{"total":4,"covered":4,"skipped":0,"pct":100},"statements":{"total":17,"covered":17,"skipped":0,"pct":100},"branches":{"total":12,"covered":7,"skipped":0,"pct":58.33}}
,"/Users/connor/.codex/.chatgpt-projects/g-p-6a5ef3d1ffd881919c69b9ef0f7214ba/crypto-coin-tracker/src/components/StatusBanner.tsx": {"lines":{"total":4,"covered":4,"skipped":0,"pct":100},"functions":{"total":3,"covered":3,"skipped":0,"pct":100},"statements":{"total":5,"covered":5,"skipped":0,"pct":100},"branches":{"total":3,"covered":3,"skipped":0,"pct":100}}
,"/Users/connor/.codex/.chatgpt-projects/g-p-6a5ef3d1ffd881919c69b9ef0f7214ba/crypto-coin-tracker/src/components/WatchButton.tsx": {"lines":{"total":19,"covered":18,"skipped":0,"pct":94.73},"functions":{"total":7,"covered":7,"skipped":0,"pct":100},"statements":{"total":20,"covered":19,"skipped":0,"pct":95},"branches":{"total":12,"covered":11,"skipped":0,"pct":91.66}}
,"/Users/connor/.codex/.chatgpt-projects/g-p-6a5ef3d1ffd881919c69b9ef0f7214ba/crypto-coin-tracker/src/domain/portfolio.ts": {"lines":{"total":20,"covered":20,"skipped":0,"pct":100},"functions":{"total":9,"covered":9,"skipped":0,"pct":100},"statements":{"total":26,"covered":26,"skipped":0,"pct":100},"branches":{"total":28,"covered":27,"skipped":0,"pct":96.42}}
,"/Users/connor/.codex/.chatgpt-projects/g-p-6a5ef3d1ffd881919c69b9ef0f7214ba/crypto-coin-tracker/src/domain/storage.ts": {"lines":{"total":68,"covered":68,"skipped":0,"pct":100},"functions":{"total":10,"covered":10,"skipped":0,"pct":100},"statements":{"total":75,"covered":75,"skipped":0,"pct":100},"branches":{"total":49,"covered":49,"skipped":0,"pct":100}}
,"/Users/connor/.codex/.chatgpt-projects/g-p-6a5ef3d1ffd881919c69b9ef0f7214ba/crypto-coin-tracker/src/lib/api.ts": {"lines":{"total":31,"covered":31,"skipped":0,"pct":100},"functions":{"total":8,"covered":7,"skipped":0,"pct":87.5},"statements":{"total":34,"covered":33,"skipped":0,"pct":97.05},"branches":{"total":15,"covered":15,"skipped":0,"pct":100}}
,"/Users/connor/.codex/.chatgpt-projects/g-p-6a5ef3d1ffd881919c69b9ef0f7214ba/crypto-coin-tracker/src/lib/coinQueries.ts": {"lines":{"total":5,"covered":5,"skipped":0,"pct":100},"functions":{"total":5,"covered":5,"skipped":0,"pct":100},"statements":{"total":5,"covered":5,"skipped":0,"pct":100},"branches":{"total":0,"covered":0,"skipped":0,"pct":100}}
,"/Users/connor/.codex/.chatgpt-projects/g-p-6a5ef3d1ffd881919c69b9ef0f7214ba/crypto-coin-tracker/src/lib/images.ts": {"lines":{"total":6,"covered":5,"skipped":0,"pct":83.33},"functions":{"total":1,"covered":1,"skipped":0,"pct":100},"statements":{"total":7,"covered":6,"skipped":0,"pct":85.71},"branches":{"total":6,"covered":6,"skipped":0,"pct":100}}
,"/Users/connor/.codex/.chatgpt-projects/g-p-6a5ef3d1ffd881919c69b9ef0f7214ba/crypto-coin-tracker/src/lib/marketQueries.ts": {"lines":{"total":4,"covered":4,"skipped":0,"pct":100},"functions":{"total":4,"covered":4,"skipped":0,"pct":100},"statements":{"total":4,"covered":4,"skipped":0,"pct":100},"branches":{"total":0,"covered":0,"skipped":0,"pct":100}}
,"/Users/connor/.codex/.chatgpt-projects/g-p-6a5ef3d1ffd881919c69b9ef0f7214ba/crypto-coin-tracker/src/pages/CoinDetailPage.tsx": {"lines":{"total":19,"covered":17,"skipped":0,"pct":89.47},"functions":{"total":7,"covered":5,"skipped":0,"pct":71.42},"statements":{"total":20,"covered":18,"skipped":0,"pct":90},"branches":{"total":28,"covered":19,"skipped":0,"pct":67.85}}
,"/Users/connor/.codex/.chatgpt-projects/g-p-6a5ef3d1ffd881919c69b9ef0f7214ba/crypto-coin-tracker/src/pages/MarketPage.tsx": {"lines":{"total":11,"covered":10,"skipped":0,"pct":90.9},"functions":{"total":4,"covered":3,"skipped":0,"pct":75},"statements":{"total":11,"covered":10,"skipped":0,"pct":90.9},"branches":{"total":12,"covered":11,"skipped":0,"pct":91.66}}
,"/Users/connor/.codex/.chatgpt-projects/g-p-6a5ef3d1ffd881919c69b9ef0f7214ba/crypto-coin-tracker/src/pages/NotFoundPage.tsx": {"lines":{"total":1,"covered":1,"skipped":0,"pct":100},"functions":{"total":1,"covered":1,"skipped":0,"pct":100},"statements":{"total":1,"covered":1,"skipped":0,"pct":100},"branches":{"total":0,"covered":0,"skipped":0,"pct":100}}
,"/Users/connor/.codex/.chatgpt-projects/g-p-6a5ef3d1ffd881919c69b9ef0f7214ba/crypto-coin-tracker/src/pages/PortfolioPage.tsx": {"lines":{"total":17,"covered":16,"skipped":0,"pct":94.11},"functions":{"total":9,"covered":8,"skipped":0,"pct":88.88},"statements":{"total":17,"covered":16,"skipped":0,"pct":94.11},"branches":{"total":24,"covered":19,"skipped":0,"pct":79.16}}
,"/Users/connor/.codex/.chatgpt-projects/g-p-6a5ef3d1ffd881919c69b9ef0f7214ba/crypto-coin-tracker/src/pages/WatchlistPage.tsx": {"lines":{"total":6,"covered":5,"skipped":0,"pct":83.33},"functions":{"total":3,"covered":2,"skipped":0,"pct":66.66},"statements":{"total":7,"covered":6,"skipped":0,"pct":85.71},"branches":{"total":14,"covered":10,"skipped":0,"pct":71.42}}
,"/Users/connor/.codex/.chatgpt-projects/g-p-6a5ef3d1ffd881919c69b9ef0f7214ba/crypto-coin-tracker/src/state/AppStateProvider.tsx": {"lines":{"total":28,"covered":26,"skipped":0,"pct":92.85},"functions":{"total":9,"covered":9,"skipped":0,"pct":100},"statements":{"total":30,"covered":28,"skipped":0,"pct":93.33},"branches":{"total":13,"covered":11,"skipped":0,"pct":84.61}}
}
